--- START EMAIL pam@dm.comm ---
From: Dundie <no-reply@dm.com>
To: pam@dm.comm
Subject: Password reset for Dundie

Please use the following link to reset your password:
https://dm.com/reset_password?pwd_reset_token=eyJhbGciOiJIUzI1NiIsInR5cCI6IkpXVCJ9.eyJzdWIiOiJwYW0tYmVzbHkiLCJleHAiOjE2ODU1Njk0NjksInNjb3BlIjoicHdkX3Jlc2V0In0.ttoVF4QiYUU0-iS_wXhDvikZ004qd03ahhycloM5jYk

This link will expire in 10 minutes.

--- END OF EMAIL ------ START EMAIL pam@dm.comm ---
From: Dundie <no-reply@dm.com>
To: pam@dm.comm
Subject: Password reset for Dundie

Please use the following link to reset your password:
https://dm.com/reset_password?pwd_reset_token=eyJhbGciOiJIUzI1NiIsInR5cCI6IkpXVCJ9.eyJzdWIiOiJwYW0tYmVzbHkiLCJleHAiOjE2ODU1Njk0ODMsInNjb3BlIjoicHdkX3Jlc2V0In0._kon-hDgcifknbrE2ushyU1lO7auuFabgXrTo_Kgtoc

This link will expire in 10 minutes.

--- END OF EMAIL ------ START EMAIL pam@dm.comm ---
From: Dundie <no-reply@dm.com>
To: pam@dm.comm
Subject: Password reset for Dundie

Please use the following link to reset your password:
https://dm.com/reset_password?pwd_reset_token=eyJhbGciOiJIUzI1NiIsInR5cCI6IkpXVCJ9.eyJzdWIiOiJwYW0tYmVzbHkiLCJleHAiOjE2ODU1Njk0ODksInNjb3BlIjoicHdkX3Jlc2V0In0.GoLOCRNdBrVIrZ0MLTUU8H_Ia5lJ0eHcAHY7yhBc4-I

This link will expire in 10 minutes.

--- END OF EMAIL ------ START EMAIL pam@dm.comm ---
From: Dundie <no-reply@dm.com>
To: pam@dm.comm
Subject: Password reset for Dundie

Please use the following link to reset your password:
https://dm.com/reset_password?pwd_reset_token=eyJhbGciOiJIUzI1NiIsInR5cCI6IkpXVCJ9.eyJzdWIiOiJwYW0tYmVzbHkiLCJleHAiOjE2ODU1Njk0OTAsInNjb3BlIjoicHdkX3Jlc2V0In0.To_S-3ueHQjY_aVGWhiz39Ulde71fA4eivpu5wYrPxg

This link will expire in 10 minutes.

--- END OF EMAIL ------ START EMAIL pam@dm.comm ---
From: Dundie <no-reply@dm.com>
To: pam@dm.comm
Subject: Password reset for Dundie

Please use the following link to reset your password:
https://dm.com/reset_password?pwd_reset_token=eyJhbGciOiJIUzI1NiIsInR5cCI6IkpXVCJ9.eyJzdWIiOiJwYW0tYmVzbHkiLCJleHAiOjE2ODU1Njk0OTAsInNjb3BlIjoicHdkX3Jlc2V0In0.To_S-3ueHQjY_aVGWhiz39Ulde71fA4eivpu5wYrPxg

This link will expire in 10 minutes.

--- END OF EMAIL ------ START EMAIL pam@dm.comm ---
From: Dundie <no-reply@dm.com>
To: pam@dm.comm
Subject: Password reset for Dundie

Please use the following link to reset your password:
https://dm.com/reset_password?pwd_reset_token=eyJhbGciOiJIUzI1NiIsInR5cCI6IkpXVCJ9.eyJzdWIiOiJwYW0tYmVzbHkiLCJleHAiOjE2ODU1Njk0OTEsInNjb3BlIjoicHdkX3Jlc2V0In0.q5F2-J5wlntvP_uYLYTri4sS0GyQ_OPR4vFi4bJ1arw

This link will expire in 10 minutes.

--- END OF EMAIL ------ START EMAIL pam@dm.comm ---
From: Dundie <no-reply@dm.com>
To: pam@dm.comm
Subject: Password reset for Dundie

Please use the following link to reset your password:
https://dm.com/reset_password?pwd_reset_token=eyJhbGciOiJIUzI1NiIsInR5cCI6IkpXVCJ9.eyJzdWIiOiJwYW0tYmVzbHkiLCJleHAiOjE2ODU1Njk0OTEsInNjb3BlIjoicHdkX3Jlc2V0In0.q5F2-J5wlntvP_uYLYTri4sS0GyQ_OPR4vFi4bJ1arw

This link will expire in 10 minutes.

--- END OF EMAIL ------ START EMAIL pam@dm.comm ---
From: Dundie <no-reply@dm.com>
To: pam@dm.comm
Subject: Password reset for Dundie

Please use the following link to reset your password:
https://dm.com/reset_password?pwd_reset_token=eyJhbGciOiJIUzI1NiIsInR5cCI6IkpXVCJ9.eyJzdWIiOiJwYW0tYmVzbHkiLCJleHAiOjE2ODU1Njk0OTEsInNjb3BlIjoicHdkX3Jlc2V0In0.q5F2-J5wlntvP_uYLYTri4sS0GyQ_OPR4vFi4bJ1arw

This link will expire in 10 minutes.

--- END OF EMAIL ------ START EMAIL pam@dm.comm ---
From: Dundie <no-reply@dm.com>
To: pam@dm.comm
Subject: Password reset for Dundie

Please use the following link to reset your password:
https://dm.com/reset_password?pwd_reset_token=eyJhbGciOiJIUzI1NiIsInR5cCI6IkpXVCJ9.eyJzdWIiOiJwYW0tYmVzbHkiLCJleHAiOjE2ODU1Njk0OTEsInNjb3BlIjoicHdkX3Jlc2V0In0.q5F2-J5wlntvP_uYLYTri4sS0GyQ_OPR4vFi4bJ1arw

This link will expire in 10 minutes.

--- END OF EMAIL ------ START EMAIL pam@dm.comm ---
From: Dundie <no-reply@dm.com>
To: pam@dm.comm
Subject: Password reset for Dundie

Please use the following link to reset your password:
https://dm.com/reset_password?pwd_reset_token=eyJhbGciOiJIUzI1NiIsInR5cCI6IkpXVCJ9.eyJzdWIiOiJwYW0tYmVzbHkiLCJleHAiOjE2ODU1Njk0OTEsInNjb3BlIjoicHdkX3Jlc2V0In0.q5F2-J5wlntvP_uYLYTri4sS0GyQ_OPR4vFi4bJ1arw

This link will expire in 10 minutes.

--- END OF EMAIL ------ START EMAIL pam@dm.comm ---
From: Dundie <no-reply@dm.com>
To: pam@dm.comm
Subject: Password reset for Dundie

Please use the following link to reset your password:
https://dm.com/reset_password?pwd_reset_token=eyJhbGciOiJIUzI1NiIsInR5cCI6IkpXVCJ9.eyJzdWIiOiJwYW0tYmVzbHkiLCJleHAiOjE2ODU1Njk0OTIsInNjb3BlIjoicHdkX3Jlc2V0In0.XjoVH-cXVXQGdRfVDwjiXtUrHpx2I0ZrMKq-eVPuNU8

This link will expire in 10 minutes.

--- END OF EMAIL ------ START EMAIL pam@dm.comm ---
From: Dundie <no-reply@dm.com>
To: pam@dm.comm
Subject: Password reset for Dundie

Please use the following link to reset your password:
https://dm.com/reset_password?pwd_reset_token=eyJhbGciOiJIUzI1NiIsInR5cCI6IkpXVCJ9.eyJzdWIiOiJwYW0tYmVzbHkiLCJleHAiOjE2ODU1Njk0OTIsInNjb3BlIjoicHdkX3Jlc2V0In0.XjoVH-cXVXQGdRfVDwjiXtUrHpx2I0ZrMKq-eVPuNU8

This link will expire in 10 minutes.

--- END OF EMAIL ------ START EMAIL pam@dm.comm ---
From: Dundie <no-reply@dm.com>
To: pam@dm.comm
Subject: Password reset for Dundie

Please use the following link to reset your password:
https://dm.com/reset_password?pwd_reset_token=eyJhbGciOiJIUzI1NiIsInR5cCI6IkpXVCJ9.eyJzdWIiOiJwYW0tYmVzbHkiLCJleHAiOjE2ODU1Njk0OTIsInNjb3BlIjoicHdkX3Jlc2V0In0.XjoVH-cXVXQGdRfVDwjiXtUrHpx2I0ZrMKq-eVPuNU8

This link will expire in 10 minutes.

--- END OF EMAIL ------ START EMAIL pam@dm.comm ---
From: Dundie <no-reply@dm.com>
To: pam@dm.comm
Subject: Password reset for Dundie

Please use the following link to reset your password:
https://dm.com/reset_password?pwd_reset_token=eyJhbGciOiJIUzI1NiIsInR5cCI6IkpXVCJ9.eyJzdWIiOiJwYW0tYmVzbHkiLCJleHAiOjE2ODU1Njk0OTIsInNjb3BlIjoicHdkX3Jlc2V0In0.XjoVH-cXVXQGdRfVDwjiXtUrHpx2I0ZrMKq-eVPuNU8

This link will expire in 10 minutes.

--- END OF EMAIL ------ START EMAIL pam@dm.comm ---
From: Dundie <no-reply@dm.com>
To: pam@dm.comm
Subject: Password reset for Dundie

Please use the following link to reset your password:
https://dm.com/reset_password?pwd_reset_token=eyJhbGciOiJIUzI1NiIsInR5cCI6IkpXVCJ9.eyJzdWIiOiJwYW0tYmVzbHkiLCJleHAiOjE2ODU1Njk0OTIsInNjb3BlIjoicHdkX3Jlc2V0In0.XjoVH-cXVXQGdRfVDwjiXtUrHpx2I0ZrMKq-eVPuNU8

This link will expire in 10 minutes.

--- END OF EMAIL ------ START EMAIL pam@dm.comm ---
From: Dundie <no-reply@dm.com>
To: pam@dm.comm
Subject: Password reset for Dundie

Please use the following link to reset your password:
https://dm.com/reset_password?pwd_reset_token=eyJhbGciOiJIUzI1NiIsInR5cCI6IkpXVCJ9.eyJzdWIiOiJwYW0tYmVzbHkiLCJleHAiOjE2ODU1Njk0OTIsInNjb3BlIjoicHdkX3Jlc2V0In0.XjoVH-cXVXQGdRfVDwjiXtUrHpx2I0ZrMKq-eVPuNU8

This link will expire in 10 minutes.

--- END OF EMAIL ---